<?xml version="1.0" encoding="UTF-8"?>
<!-- Generated by org.testng.reporters.JUnitXMLReporter -->
<testsuite hostname="ATMECSINLT-087" ignored="0" name="Default test" tests="3" failures="0" timestamp="07 Oct 2019 08:58:23 GMT" time="49.168" errors="0">
  <testcase name="heroImgContent" time="7.55" classname="com.atmecs.konakartautomation.testscripts.Scenario2"/>
  <testcase name="heroImgSortingDateFunctionality" time="17.472" classname="com.atmecs.konakartautomation.testscripts.Scenario2"/>
  <testcase name="heroImgSortingRatingFunctionality" time="16.701" classname="com.atmecs.konakartautomation.testscripts.Scenario2"/>
</testsuite> <!-- Default test -->
