<?xml version="1.0" encoding="UTF-8"?>
<!-- Generated by org.testng.reporters.JUnitXMLReporter -->
<testsuite hostname="ATMECSINLT-087" ignored="0" name="Default test" tests="5" failures="0" timestamp="09 Oct 2019 12:50:27 GMT" time="57.47" errors="0">
  <testcase name="heroImageSelect" time="5.766" classname="com.atmecs.konakartautomation.testscripts.Scenario2"/>
  <testcase name="heroImgContent" time="0.075" classname="com.atmecs.konakartautomation.testscripts.Scenario2"/>
  <testcase name="heroImgContent" time="0.655" classname="com.atmecs.konakartautomation.testscripts.Scenario2"/>
  <testcase name="heroImgSortingDateFunctionality" time="15.214" classname="com.atmecs.konakartautomation.testscripts.Scenario2"/>
  <testcase name="heroImgSortingRatingFunctionality" time="17.279" classname="com.atmecs.konakartautomation.testscripts.Scenario2"/>
</testsuite> <!-- Default test -->
