<?xml version="1.0" encoding="UTF-8"?>
<!-- Generated by org.testng.reporters.JUnitXMLReporter -->
<testsuite hostname="ATMECSINLT-087" ignored="0" name="Scenario2" tests="3" failures="0" timestamp="07 Oct 2019 11:16:44 GMT" time="52.565" errors="0">
  <testcase name="heroImgContent" time="5.314" classname="com.atmecs.konakartautomation.testscripts.Scenario2"/>
  <testcase name="heroImgSortingDateFunctionality" time="15.763" classname="com.atmecs.konakartautomation.testscripts.Scenario2"/>
  <testcase name="heroImgSortingRatingFunctionality" time="16.629" classname="com.atmecs.konakartautomation.testscripts.Scenario2"/>
</testsuite> <!-- Scenario2 -->
