<?xml version="1.0" encoding="UTF-8"?>
<!-- Generated by org.testng.reporters.JUnitXMLReporter -->
<testsuite hostname="ATMECSINLT-087" ignored="4" name="Test" tests="1" failures="0" timestamp="07 Oct 2019 06:36:29 GMT" time="30.061" errors="0">
  <testcase name="searchBox" time="9.424" classname="com.atmecs.konakartautomation.testscripts.Scenario1"/>
  <testcase name="@AfterTest closeDriver" time="0.0" classname="com.atmecs.konakartautomation.extentreports.ExtentReport">
    <ignored/>
  </testcase> <!-- @AfterTest closeDriver -->
  <testcase name="@BeforeSuite startReport" time="0.0" classname="com.atmecs.konakartautomation.extentreports.ExtentReport">
    <ignored/>
  </testcase> <!-- @BeforeSuite startReport -->
  <testcase name="@BeforeTest intitailizeBrowser" time="0.0" classname="com.atmecs.konakartautomation.testbase.TestBase">
    <ignored/>
  </testcase> <!-- @BeforeTest intitailizeBrowser -->
  <testcase name="@AfterSuite endReport" time="0.0" classname="com.atmecs.konakartautomation.extentreports.ExtentReport">
    <ignored/>
  </testcase> <!-- @AfterSuite endReport -->
</testsuite> <!-- Test -->
