<?xml version="1.0" encoding="UTF-8"?>
<!-- Generated by org.testng.reporters.JUnitXMLReporter -->
<testsuite hostname="ATMECSINLT-087" ignored="0" name="Test" tests="4" failures="0" timestamp="09 Oct 2019 14:34:00 GMT" time="23.811" errors="0">
  <testcase name="searchBoxWithoutSearchOption" time="2.675" classname="com.atmecs.konakartautomation.testscripts.ComuterPeripheralsFunctionality"/>
  <testcase name="searchBoxWithSearchOption" time="3.133" classname="com.atmecs.konakartautomation.testscripts.ComuterPeripheralsFunctionality"/>
  <testcase name="productDetailsVerify" time="0.278" classname="com.atmecs.konakartautomation.testscripts.ComuterPeripheralsFunctionality"/>
  <testcase name="productDetailsVerify" time="0.234" classname="com.atmecs.konakartautomation.testscripts.ComuterPeripheralsFunctionality"/>
</testsuite> <!-- Test -->
