<?xml version="1.0" encoding="UTF-8"?>
<!-- Generated by org.testng.reporters.JUnitXMLReporter -->
<testsuite hostname="ATMECSINLT-087" ignored="0" name="Test" tests="4" failures="0" timestamp="09 Oct 2019 14:34:47 GMT" time="47.202" errors="0">
  <testcase name="priceSlideBar" time="9.706" classname="com.atmecs.konakartautomation.testscripts.PriceSlideBarFunctionality"/>
  <testcase name="priceSlideBar" time="7.653" classname="com.atmecs.konakartautomation.testscripts.PriceSlideBarFunctionality"/>
  <testcase name="priceSlideBar" time="6.448" classname="com.atmecs.konakartautomation.testscripts.PriceSlideBarFunctionality"/>
  <testcase name="priceSlideBar" time="6.255" classname="com.atmecs.konakartautomation.testscripts.PriceSlideBarFunctionality"/>
</testsuite> <!-- Test -->
