<?xml version="1.0" encoding="UTF-8"?>
<!-- Generated by org.testng.reporters.JUnitXMLReporter -->
<testsuite hostname="ATMECSINLT-087" ignored="0" name="Scenario2" tests="3" failures="0" timestamp="07 Oct 2019 11:20:52 GMT" time="55.377" errors="0">
  <testcase name="heroImgContent" time="11.24" classname="com.atmecs.konakartautomation.testscripts.Scenario2"/>
  <testcase name="heroImgSortingDateFunctionality" time="19.792" classname="com.atmecs.konakartautomation.testscripts.Scenario2"/>
  <testcase name="heroImgSortingRatingFunctionality" time="18.876" classname="com.atmecs.konakartautomation.testscripts.Scenario2"/>
</testsuite> <!-- Scenario2 -->
