<?xml version="1.0" encoding="UTF-8"?>
<testng-results skipped="0" failed="0" ignored="0" total="14" passed="14">
  <reporter-output>
  </reporter-output>
  <suite name="Suite" duration-ms="0" started-at="2019-10-09T14:34:48Z" finished-at="2019-10-09T14:34:48Z">
    <groups>
    </groups>
  </suite> <!-- Suite -->
  <suite name="Suite (1)" duration-ms="56948" started-at="2019-10-09T14:32:39Z" finished-at="2019-10-09T14:33:36Z">
    <groups>
    </groups>
    <test name="Test" duration-ms="56948" started-at="2019-10-09T14:32:39Z" finished-at="2019-10-09T14:33:36Z">
      <class name="com.atmecs.konakartautomation.testscripts.HeroImageFunctionality">
        <test-method status="PASS" signature="startReport()[pri:0, instance:com.atmecs.konakartautomation.testscripts.HeroImageFunctionality@69ea3742]" name="startReport" is-config="true" duration-ms="56" started-at="2019-10-09T14:32:39Z" finished-at="2019-10-09T14:32:39Z">
          <reporter-output>
          </reporter-output>
        </test-method> <!-- startReport -->
        <test-method status="PASS" signature="intitailizeBrowser()[pri:0, instance:com.atmecs.konakartautomation.testscripts.HeroImageFunctionality@69ea3742]" name="intitailizeBrowser" is-config="true" duration-ms="15084" started-at="2019-10-09T14:32:39Z" finished-at="2019-10-09T14:32:54Z">
          <reporter-output>
          </reporter-output>
        </test-method> <!-- intitailizeBrowser -->
        <test-method status="PASS" signature="heroImageSelect()[pri:1, instance:com.atmecs.konakartautomation.testscripts.HeroImageFunctionality@69ea3742]" name="heroImageSelect" duration-ms="4740" started-at="2019-10-09T14:32:54Z" finished-at="2019-10-09T14:32:59Z">
          <reporter-output>
          </reporter-output>
        </test-method> <!-- heroImageSelect -->
        <test-method status="PASS" signature="tearDown(org.testng.ITestResult)[pri:0, instance:com.atmecs.konakartautomation.testscripts.HeroImageFunctionality@69ea3742]" name="tearDown" is-config="true" duration-ms="1" started-at="2019-10-09T14:32:59Z" finished-at="2019-10-09T14:32:59Z">
          <params>
            <param index="0">
              <value>
                <![CDATA[[TestResult name=heroImageSelect status=SUCCESS method=HeroImageFunctionality.heroImageSelect()[pri:1, instance:com.atmecs.konakartautomation.testscripts.HeroImageFunctionality@69ea3742] output={null}]]]>
              </value>
            </param>
          </params>
          <reporter-output>
          </reporter-output>
        </test-method> <!-- tearDown -->
        <test-method status="PASS" signature="heroImgContent([Ljava.lang.String;)[pri:2, instance:com.atmecs.konakartautomation.testscripts.HeroImageFunctionality@69ea3742]" name="heroImgContent" duration-ms="43" started-at="2019-10-09T14:32:59Z" data-provider="heroimage" finished-at="2019-10-09T14:32:59Z">
          <params>
            <param index="0">
              <value>
                <![CDATA[[Ljava.lang.String;@773dab28]]>
              </value>
            </param>
          </params>
          <reporter-output>
          </reporter-output>
        </test-method> <!-- heroImgContent -->
        <test-method status="PASS" signature="tearDown(org.testng.ITestResult)[pri:0, instance:com.atmecs.konakartautomation.testscripts.HeroImageFunctionality@69ea3742]" name="tearDown" is-config="true" duration-ms="0" started-at="2019-10-09T14:32:59Z" finished-at="2019-10-09T14:32:59Z">
          <params>
            <param index="0">
              <value>
                <![CDATA[[TestResult name=heroImgContent status=SUCCESS method=HeroImageFunctionality.heroImgContent([Ljava.lang.String;)[pri:2, instance:com.atmecs.konakartautomation.testscripts.HeroImageFunctionality@69ea3742] output={null}]]]>
              </value>
            </param>
          </params>
          <reporter-output>
          </reporter-output>
        </test-method> <!-- tearDown -->
        <test-method status="PASS" signature="heroImgContent([Ljava.lang.String;)[pri:2, instance:com.atmecs.konakartautomation.testscripts.HeroImageFunctionality@69ea3742]" name="heroImgContent" duration-ms="663" started-at="2019-10-09T14:32:59Z" data-provider="heroimage" finished-at="2019-10-09T14:33:00Z">
          <params>
            <param index="0">
              <value>
                <![CDATA[[Ljava.lang.String;@1ecfcbc9]]>
              </value>
            </param>
          </params>
          <reporter-output>
          </reporter-output>
        </test-method> <!-- heroImgContent -->
        <test-method status="PASS" signature="tearDown(org.testng.ITestResult)[pri:0, instance:com.atmecs.konakartautomation.testscripts.HeroImageFunctionality@69ea3742]" name="tearDown" is-config="true" duration-ms="0" started-at="2019-10-09T14:33:00Z" finished-at="2019-10-09T14:33:00Z">
          <params>
            <param index="0">
              <value>
                <![CDATA[[TestResult name=heroImgContent status=SUCCESS method=HeroImageFunctionality.heroImgContent([Ljava.lang.String;)[pri:2, instance:com.atmecs.konakartautomation.testscripts.HeroImageFunctionality@69ea3742] output={null}]]]>
              </value>
            </param>
          </params>
          <reporter-output>
          </reporter-output>
        </test-method> <!-- tearDown -->
        <test-method status="PASS" signature="heroImgSortingDateFunctionality([Ljava.lang.String;)[pri:3, instance:com.atmecs.konakartautomation.testscripts.HeroImageFunctionality@69ea3742]" name="heroImgSortingDateFunctionality" duration-ms="15183" started-at="2019-10-09T14:33:00Z" data-provider="reviewdropdown" finished-at="2019-10-09T14:33:15Z">
          <params>
            <param index="0">
              <value>
                <![CDATA[[Ljava.lang.String;@1965539b]]>
              </value>
            </param>
          </params>
          <reporter-output>
          </reporter-output>
        </test-method> <!-- heroImgSortingDateFunctionality -->
        <test-method status="PASS" signature="tearDown(org.testng.ITestResult)[pri:0, instance:com.atmecs.konakartautomation.testscripts.HeroImageFunctionality@69ea3742]" name="tearDown" is-config="true" duration-ms="0" started-at="2019-10-09T14:33:15Z" finished-at="2019-10-09T14:33:15Z">
          <params>
            <param index="0">
              <value>
                <![CDATA[[TestResult name=heroImgSortingDateFunctionality status=SUCCESS method=HeroImageFunctionality.heroImgSortingDateFunctionality([Ljava.lang.String;)[pri:3, instance:com.atmecs.konakartautomation.testscripts.HeroImageFunctionality@69ea3742] output={null}]]]>
              </value>
            </param>
          </params>
          <reporter-output>
          </reporter-output>
        </test-method> <!-- tearDown -->
        <test-method status="PASS" signature="heroImgSortingRatingFunctionality([Ljava.lang.String;)[pri:4, instance:com.atmecs.konakartautomation.testscripts.HeroImageFunctionality@69ea3742]" name="heroImgSortingRatingFunctionality" duration-ms="19863" started-at="2019-10-09T14:33:15Z" data-provider="reviewdropdown" finished-at="2019-10-09T14:33:35Z">
          <params>
            <param index="0">
              <value>
                <![CDATA[[Ljava.lang.String;@2fc07784]]>
              </value>
            </param>
          </params>
          <reporter-output>
          </reporter-output>
        </test-method> <!-- heroImgSortingRatingFunctionality -->
        <test-method status="PASS" signature="tearDown(org.testng.ITestResult)[pri:0, instance:com.atmecs.konakartautomation.testscripts.HeroImageFunctionality@69ea3742]" name="tearDown" is-config="true" duration-ms="0" started-at="2019-10-09T14:33:35Z" finished-at="2019-10-09T14:33:35Z">
          <params>
            <param index="0">
              <value>
                <![CDATA[[TestResult name=heroImgSortingRatingFunctionality status=SUCCESS method=HeroImageFunctionality.heroImgSortingRatingFunctionality([Ljava.lang.String;)[pri:4, instance:com.atmecs.konakartautomation.testscripts.HeroImageFunctionality@69ea3742] output={null}]]]>
              </value>
            </param>
          </params>
          <reporter-output>
          </reporter-output>
        </test-method> <!-- tearDown -->
        <test-method status="PASS" signature="closeDriver()[pri:0, instance:com.atmecs.konakartautomation.testscripts.HeroImageFunctionality@69ea3742]" name="closeDriver" is-config="true" duration-ms="945" started-at="2019-10-09T14:33:35Z" finished-at="2019-10-09T14:33:36Z">
          <reporter-output>
          </reporter-output>
        </test-method> <!-- closeDriver -->
        <test-method status="PASS" signature="endReport()[pri:0, instance:com.atmecs.konakartautomation.testscripts.HeroImageFunctionality@69ea3742]" name="endReport" is-config="true" duration-ms="97" started-at="2019-10-09T14:33:36Z" finished-at="2019-10-09T14:33:36Z">
          <reporter-output>
          </reporter-output>
        </test-method> <!-- endReport -->
      </class> <!-- com.atmecs.konakartautomation.testscripts.HeroImageFunctionality -->
    </test> <!-- Test -->
  </suite> <!-- Suite (1) -->
  <suite name="Suite (0)" duration-ms="30970" started-at="2019-10-09T14:32:07Z" finished-at="2019-10-09T14:32:38Z">
    <groups>
    </groups>
    <test name="Test" duration-ms="30970" started-at="2019-10-09T14:32:07Z" finished-at="2019-10-09T14:32:38Z">
      <class name="com.atmecs.konakartautomation.testscripts.HomePageSearchBoxFunctionality">
        <test-method status="PASS" signature="startReport()[pri:0, instance:com.atmecs.konakartautomation.testscripts.HomePageSearchBoxFunctionality@31ef45e3]" name="startReport" is-config="true" duration-ms="240" started-at="2019-10-09T14:32:07Z" finished-at="2019-10-09T14:32:07Z">
          <reporter-output>
          </reporter-output>
        </test-method> <!-- startReport -->
        <test-method status="PASS" signature="intitailizeBrowser()[pri:0, instance:com.atmecs.konakartautomation.testscripts.HomePageSearchBoxFunctionality@31ef45e3]" name="intitailizeBrowser" is-config="true" duration-ms="18668" started-at="2019-10-09T14:32:07Z" finished-at="2019-10-09T14:32:26Z">
          <reporter-output>
          </reporter-output>
        </test-method> <!-- intitailizeBrowser -->
        <test-method status="PASS" signature="searchBox([Ljava.lang.String;)[pri:1, instance:com.atmecs.konakartautomation.testscripts.HomePageSearchBoxFunctionality@31ef45e3]" name="searchBox" duration-ms="10251" started-at="2019-10-09T14:32:27Z" data-provider="searchbox" finished-at="2019-10-09T14:32:37Z">
          <params>
            <param index="0">
              <value>
                <![CDATA[[Ljava.lang.String;@1d71006f]]>
              </value>
            </param>
          </params>
          <reporter-output>
          </reporter-output>
        </test-method> <!-- searchBox -->
        <test-method status="PASS" signature="tearDown(org.testng.ITestResult)[pri:0, instance:com.atmecs.konakartautomation.testscripts.HomePageSearchBoxFunctionality@31ef45e3]" name="tearDown" is-config="true" duration-ms="5" started-at="2019-10-09T14:32:37Z" finished-at="2019-10-09T14:32:37Z">
          <params>
            <param index="0">
              <value>
                <![CDATA[[TestResult name=searchBox status=SUCCESS method=HomePageSearchBoxFunctionality.searchBox([Ljava.lang.String;)[pri:1, instance:com.atmecs.konakartautomation.testscripts.HomePageSearchBoxFunctionality@31ef45e3] output={null}]]]>
              </value>
            </param>
          </params>
          <reporter-output>
          </reporter-output>
        </test-method> <!-- tearDown -->
        <test-method status="PASS" signature="closeDriver()[pri:0, instance:com.atmecs.konakartautomation.testscripts.HomePageSearchBoxFunctionality@31ef45e3]" name="closeDriver" is-config="true" duration-ms="946" started-at="2019-10-09T14:32:37Z" finished-at="2019-10-09T14:32:38Z">
          <reporter-output>
          </reporter-output>
        </test-method> <!-- closeDriver -->
        <test-method status="PASS" signature="endReport()[pri:0, instance:com.atmecs.konakartautomation.testscripts.HomePageSearchBoxFunctionality@31ef45e3]" name="endReport" is-config="true" duration-ms="581" started-at="2019-10-09T14:32:38Z" finished-at="2019-10-09T14:32:39Z">
          <reporter-output>
          </reporter-output>
        </test-method> <!-- endReport -->
      </class> <!-- com.atmecs.konakartautomation.testscripts.HomePageSearchBoxFunctionality -->
    </test> <!-- Test -->
  </suite> <!-- Suite (0) -->
  <suite name="Suite (3)" duration-ms="47202" started-at="2019-10-09T14:34:00Z" finished-at="2019-10-09T14:34:47Z">
    <groups>
    </groups>
    <test name="Test" duration-ms="47202" started-at="2019-10-09T14:34:00Z" finished-at="2019-10-09T14:34:47Z">
      <class name="com.atmecs.konakartautomation.testscripts.PriceSlideBarFunctionality">
        <test-method status="PASS" signature="startReport()[pri:0, instance:com.atmecs.konakartautomation.testscripts.PriceSlideBarFunctionality@6e1ec318]" name="startReport" is-config="true" duration-ms="8" started-at="2019-10-09T14:34:00Z" finished-at="2019-10-09T14:34:00Z">
          <reporter-output>
          </reporter-output>
        </test-method> <!-- startReport -->
        <test-method status="PASS" signature="intitailizeBrowser()[pri:0, instance:com.atmecs.konakartautomation.testscripts.PriceSlideBarFunctionality@6e1ec318]" name="intitailizeBrowser" is-config="true" duration-ms="16207" started-at="2019-10-09T14:34:00Z" finished-at="2019-10-09T14:34:16Z">
          <reporter-output>
          </reporter-output>
        </test-method> <!-- intitailizeBrowser -->
        <test-method status="PASS" signature="priceSlideBar(java.lang.String)[pri:8, instance:com.atmecs.konakartautomation.testscripts.PriceSlideBarFunctionality@6e1ec318]" name="priceSlideBar" duration-ms="9706" started-at="2019-10-09T14:34:16Z" data-provider="priceslidebar" finished-at="2019-10-09T14:34:26Z">
          <params>
            <param index="0">
              <value>
                <![CDATA[25]]>
              </value>
            </param>
          </params>
          <reporter-output>
          </reporter-output>
        </test-method> <!-- priceSlideBar -->
        <test-method status="PASS" signature="tearDown(org.testng.ITestResult)[pri:0, instance:com.atmecs.konakartautomation.testscripts.PriceSlideBarFunctionality@6e1ec318]" name="tearDown" is-config="true" duration-ms="1" started-at="2019-10-09T14:34:26Z" finished-at="2019-10-09T14:34:26Z">
          <params>
            <param index="0">
              <value>
                <![CDATA[[TestResult name=priceSlideBar status=SUCCESS method=PriceSlideBarFunctionality.priceSlideBar(java.lang.String)[pri:8, instance:com.atmecs.konakartautomation.testscripts.PriceSlideBarFunctionality@6e1ec318] output={null}]]]>
              </value>
            </param>
          </params>
          <reporter-output>
          </reporter-output>
        </test-method> <!-- tearDown -->
        <test-method status="PASS" signature="priceSlideBar(java.lang.String)[pri:8, instance:com.atmecs.konakartautomation.testscripts.PriceSlideBarFunctionality@6e1ec318]" name="priceSlideBar" duration-ms="7653" started-at="2019-10-09T14:34:26Z" data-provider="priceslidebar" finished-at="2019-10-09T14:34:34Z">
          <params>
            <param index="0">
              <value>
                <![CDATA[50]]>
              </value>
            </param>
          </params>
          <reporter-output>
          </reporter-output>
        </test-method> <!-- priceSlideBar -->
        <test-method status="PASS" signature="tearDown(org.testng.ITestResult)[pri:0, instance:com.atmecs.konakartautomation.testscripts.PriceSlideBarFunctionality@6e1ec318]" name="tearDown" is-config="true" duration-ms="0" started-at="2019-10-09T14:34:34Z" finished-at="2019-10-09T14:34:34Z">
          <params>
            <param index="0">
              <value>
                <![CDATA[[TestResult name=priceSlideBar status=SUCCESS method=PriceSlideBarFunctionality.priceSlideBar(java.lang.String)[pri:8, instance:com.atmecs.konakartautomation.testscripts.PriceSlideBarFunctionality@6e1ec318] output={null}]]]>
              </value>
            </param>
          </params>
          <reporter-output>
          </reporter-output>
        </test-method> <!-- tearDown -->
        <test-method status="PASS" signature="priceSlideBar(java.lang.String)[pri:8, instance:com.atmecs.konakartautomation.testscripts.PriceSlideBarFunctionality@6e1ec318]" name="priceSlideBar" duration-ms="6448" started-at="2019-10-09T14:34:34Z" data-provider="priceslidebar" finished-at="2019-10-09T14:34:40Z">
          <params>
            <param index="0">
              <value>
                <![CDATA[75]]>
              </value>
            </param>
          </params>
          <reporter-output>
          </reporter-output>
        </test-method> <!-- priceSlideBar -->
        <test-method status="PASS" signature="tearDown(org.testng.ITestResult)[pri:0, instance:com.atmecs.konakartautomation.testscripts.PriceSlideBarFunctionality@6e1ec318]" name="tearDown" is-config="true" duration-ms="0" started-at="2019-10-09T14:34:40Z" finished-at="2019-10-09T14:34:40Z">
          <params>
            <param index="0">
              <value>
                <![CDATA[[TestResult name=priceSlideBar status=SUCCESS method=PriceSlideBarFunctionality.priceSlideBar(java.lang.String)[pri:8, instance:com.atmecs.konakartautomation.testscripts.PriceSlideBarFunctionality@6e1ec318] output={null}]]]>
              </value>
            </param>
          </params>
          <reporter-output>
          </reporter-output>
        </test-method> <!-- tearDown -->
        <test-method status="PASS" signature="priceSlideBar(java.lang.String)[pri:8, instance:com.atmecs.konakartautomation.testscripts.PriceSlideBarFunctionality@6e1ec318]" name="priceSlideBar" duration-ms="6255" started-at="2019-10-09T14:34:40Z" data-provider="priceslidebar" finished-at="2019-10-09T14:34:46Z">
          <params>
            <param index="0">
              <value>
                <![CDATA[100]]>
              </value>
            </param>
          </params>
          <reporter-output>
          </reporter-output>
        </test-method> <!-- priceSlideBar -->
        <test-method status="PASS" signature="closeDriver()[pri:0, instance:com.atmecs.konakartautomation.testscripts.PriceSlideBarFunctionality@6e1ec318]" name="closeDriver" is-config="true" duration-ms="873" started-at="2019-10-09T14:34:46Z" finished-at="2019-10-09T14:34:47Z">
          <reporter-output>
          </reporter-output>
        </test-method> <!-- closeDriver -->
        <test-method status="PASS" signature="tearDown(org.testng.ITestResult)[pri:0, instance:com.atmecs.konakartautomation.testscripts.PriceSlideBarFunctionality@6e1ec318]" name="tearDown" is-config="true" duration-ms="0" started-at="2019-10-09T14:34:46Z" finished-at="2019-10-09T14:34:46Z">
          <params>
            <param index="0">
              <value>
                <![CDATA[[TestResult name=priceSlideBar status=SUCCESS method=PriceSlideBarFunctionality.priceSlideBar(java.lang.String)[pri:8, instance:com.atmecs.konakartautomation.testscripts.PriceSlideBarFunctionality@6e1ec318] output={null}]]]>
              </value>
            </param>
          </params>
          <reporter-output>
          </reporter-output>
        </test-method> <!-- tearDown -->
        <test-method status="PASS" signature="endReport()[pri:0, instance:com.atmecs.konakartautomation.testscripts.PriceSlideBarFunctionality@6e1ec318]" name="endReport" is-config="true" duration-ms="78" started-at="2019-10-09T14:34:47Z" finished-at="2019-10-09T14:34:47Z">
          <reporter-output>
          </reporter-output>
        </test-method> <!-- endReport -->
      </class> <!-- com.atmecs.konakartautomation.testscripts.PriceSlideBarFunctionality -->
    </test> <!-- Test -->
  </suite> <!-- Suite (3) -->
  <suite name="Suite (2)" duration-ms="23811" started-at="2019-10-09T14:33:36Z" finished-at="2019-10-09T14:34:00Z">
    <groups>
    </groups>
    <test name="Test" duration-ms="23811" started-at="2019-10-09T14:33:36Z" finished-at="2019-10-09T14:34:00Z">
      <class name="com.atmecs.konakartautomation.testscripts.ComuterPeripheralsFunctionality">
        <test-method status="PASS" signature="startReport()[pri:0, instance:com.atmecs.konakartautomation.testscripts.ComuterPeripheralsFunctionality@49993335]" name="startReport" is-config="true" duration-ms="9" started-at="2019-10-09T14:33:36Z" finished-at="2019-10-09T14:33:36Z">
          <reporter-output>
          </reporter-output>
        </test-method> <!-- startReport -->
        <test-method status="PASS" signature="intitailizeBrowser()[pri:0, instance:com.atmecs.konakartautomation.testscripts.ComuterPeripheralsFunctionality@49993335]" name="intitailizeBrowser" is-config="true" duration-ms="16274" started-at="2019-10-09T14:33:36Z" finished-at="2019-10-09T14:33:52Z">
          <reporter-output>
          </reporter-output>
        </test-method> <!-- intitailizeBrowser -->
        <test-method status="PASS" signature="searchBoxWithoutSearchOption([Ljava.lang.String;)[pri:5, instance:com.atmecs.konakartautomation.testscripts.ComuterPeripheralsFunctionality@49993335]" name="searchBoxWithoutSearchOption" duration-ms="2675" started-at="2019-10-09T14:33:52Z" data-provider="scenario3" finished-at="2019-10-09T14:33:55Z">
          <params>
            <param index="0">
              <value>
                <![CDATA[[Ljava.lang.String;@151db587]]>
              </value>
            </param>
          </params>
          <reporter-output>
          </reporter-output>
        </test-method> <!-- searchBoxWithoutSearchOption -->
        <test-method status="PASS" signature="tearDown(org.testng.ITestResult)[pri:0, instance:com.atmecs.konakartautomation.testscripts.ComuterPeripheralsFunctionality@49993335]" name="tearDown" is-config="true" duration-ms="0" started-at="2019-10-09T14:33:55Z" finished-at="2019-10-09T14:33:55Z">
          <params>
            <param index="0">
              <value>
                <![CDATA[[TestResult name=searchBoxWithoutSearchOption status=SUCCESS method=ComuterPeripheralsFunctionality.searchBoxWithoutSearchOption([Ljava.lang.String;)[pri:5, instance:com.atmecs.konakartautomation.testscripts.ComuterPeripheralsFunctionality@49993335] output={null}]]]>
              </value>
            </param>
          </params>
          <reporter-output>
          </reporter-output>
        </test-method> <!-- tearDown -->
        <test-method status="PASS" signature="searchBoxWithSearchOption([Ljava.lang.String;)[pri:6, instance:com.atmecs.konakartautomation.testscripts.ComuterPeripheralsFunctionality@49993335]" name="searchBoxWithSearchOption" duration-ms="3133" started-at="2019-10-09T14:33:55Z" data-provider="scenario3" finished-at="2019-10-09T14:33:58Z">
          <params>
            <param index="0">
              <value>
                <![CDATA[[Ljava.lang.String;@58496dc]]>
              </value>
            </param>
          </params>
          <reporter-output>
          </reporter-output>
        </test-method> <!-- searchBoxWithSearchOption -->
        <test-method status="PASS" signature="tearDown(org.testng.ITestResult)[pri:0, instance:com.atmecs.konakartautomation.testscripts.ComuterPeripheralsFunctionality@49993335]" name="tearDown" is-config="true" duration-ms="1" started-at="2019-10-09T14:33:58Z" finished-at="2019-10-09T14:33:58Z">
          <params>
            <param index="0">
              <value>
                <![CDATA[[TestResult name=searchBoxWithSearchOption status=SUCCESS method=ComuterPeripheralsFunctionality.searchBoxWithSearchOption([Ljava.lang.String;)[pri:6, instance:com.atmecs.konakartautomation.testscripts.ComuterPeripheralsFunctionality@49993335] output={null}]]]>
              </value>
            </param>
          </params>
          <reporter-output>
          </reporter-output>
        </test-method> <!-- tearDown -->
        <test-method status="PASS" signature="productDetailsVerify([Ljava.lang.String;)[pri:7, instance:com.atmecs.konakartautomation.testscripts.ComuterPeripheralsFunctionality@49993335]" name="productDetailsVerify" duration-ms="278" started-at="2019-10-09T14:33:58Z" data-provider="product details" finished-at="2019-10-09T14:33:59Z">
          <params>
            <param index="0">
              <value>
                <![CDATA[[Ljava.lang.String;@61fafb74]]>
              </value>
            </param>
          </params>
          <reporter-output>
          </reporter-output>
        </test-method> <!-- productDetailsVerify -->
        <test-method status="PASS" signature="productDetailsVerify([Ljava.lang.String;)[pri:7, instance:com.atmecs.konakartautomation.testscripts.ComuterPeripheralsFunctionality@49993335]" name="productDetailsVerify" duration-ms="234" started-at="2019-10-09T14:33:59Z" data-provider="product details" finished-at="2019-10-09T14:33:59Z">
          <params>
            <param index="0">
              <value>
                <![CDATA[[Ljava.lang.String;@540a903b]]>
              </value>
            </param>
          </params>
          <reporter-output>
          </reporter-output>
        </test-method> <!-- productDetailsVerify -->
        <test-method status="PASS" signature="tearDown(org.testng.ITestResult)[pri:0, instance:com.atmecs.konakartautomation.testscripts.ComuterPeripheralsFunctionality@49993335]" name="tearDown" is-config="true" duration-ms="0" started-at="2019-10-09T14:33:59Z" finished-at="2019-10-09T14:33:59Z">
          <params>
            <param index="0">
              <value>
                <![CDATA[[TestResult name=productDetailsVerify status=SUCCESS method=ComuterPeripheralsFunctionality.productDetailsVerify([Ljava.lang.String;)[pri:7, instance:com.atmecs.konakartautomation.testscripts.ComuterPeripheralsFunctionality@49993335] output={null}]]]>
              </value>
            </param>
          </params>
          <reporter-output>
          </reporter-output>
        </test-method> <!-- tearDown -->
        <test-method status="PASS" signature="tearDown(org.testng.ITestResult)[pri:0, instance:com.atmecs.konakartautomation.testscripts.ComuterPeripheralsFunctionality@49993335]" name="tearDown" is-config="true" duration-ms="1" started-at="2019-10-09T14:33:59Z" finished-at="2019-10-09T14:33:59Z">
          <params>
            <param index="0">
              <value>
                <![CDATA[[TestResult name=productDetailsVerify status=SUCCESS method=ComuterPeripheralsFunctionality.productDetailsVerify([Ljava.lang.String;)[pri:7, instance:com.atmecs.konakartautomation.testscripts.ComuterPeripheralsFunctionality@49993335] output={null}]]]>
              </value>
            </param>
          </params>
          <reporter-output>
          </reporter-output>
        </test-method> <!-- tearDown -->
        <test-method status="PASS" signature="closeDriver()[pri:0, instance:com.atmecs.konakartautomation.testscripts.ComuterPeripheralsFunctionality@49993335]" name="closeDriver" is-config="true" duration-ms="934" started-at="2019-10-09T14:33:59Z" finished-at="2019-10-09T14:34:00Z">
          <reporter-output>
          </reporter-output>
        </test-method> <!-- closeDriver -->
        <test-method status="PASS" signature="endReport()[pri:0, instance:com.atmecs.konakartautomation.testscripts.ComuterPeripheralsFunctionality@49993335]" name="endReport" is-config="true" duration-ms="142" started-at="2019-10-09T14:34:00Z" finished-at="2019-10-09T14:34:00Z">
          <reporter-output>
          </reporter-output>
        </test-method> <!-- endReport -->
      </class> <!-- com.atmecs.konakartautomation.testscripts.ComuterPeripheralsFunctionality -->
    </test> <!-- Test -->
  </suite> <!-- Suite (2) -->
</testng-results>
