<?xml version="1.0" encoding="UTF-8"?>
<!-- Generated by org.testng.reporters.JUnitXMLReporter -->
<testsuite hostname="ATMECSINLT-087" ignored="0" name="Test" tests="5" failures="0" timestamp="09 Oct 2019 14:33:36 GMT" time="56.948" errors="0">
  <testcase name="heroImageSelect" time="4.74" classname="com.atmecs.konakartautomation.testscripts.HeroImageFunctionality"/>
  <testcase name="heroImgContent" time="0.043" classname="com.atmecs.konakartautomation.testscripts.HeroImageFunctionality"/>
  <testcase name="heroImgContent" time="0.663" classname="com.atmecs.konakartautomation.testscripts.HeroImageFunctionality"/>
  <testcase name="heroImgSortingDateFunctionality" time="15.183" classname="com.atmecs.konakartautomation.testscripts.HeroImageFunctionality"/>
  <testcase name="heroImgSortingRatingFunctionality" time="19.863" classname="com.atmecs.konakartautomation.testscripts.HeroImageFunctionality"/>
</testsuite> <!-- Test -->
